<?xml version="1.0" encoding="UTF-8"?>
<!-- Generated by org.testng.reporters.JUnitXMLReporter -->
<testsuite ignored="1" hostname="LAPTOP-704UC4MD" failures="1" tests="1" name="Default test(failed)" time="18.13" errors="0" timestamp="08 Jun 2024 06:44:24 GMT">
  <testcase classname="practice.TestNG.InvoiceTest" name="createInvoiceTest" time="0.026">
    <failure type="java.lang.AssertionError" message="expected [Login] but found [Administrator - Home - vtiger CRM 5 - Commercial Open Source CRM]">
      <![CDATA[java.lang.AssertionError: expected [Login] but found [Administrator - Home - vtiger CRM 5 - Commercial Open Source CRM]
at practice.TestNG.InvoiceTest.createInvoiceTest(InvoiceTest.java:16)
... Removed 31 stack frames]]>
    </failure>
  </testcase> <!-- createInvoiceTest -->
  <testcase classname="practice.TestNG.InvoiceTest" name="createInvoicewithContactTest" time="0.0">
    <ignored/>
  </testcase> <!-- createInvoicewithContactTest -->
</testsuite> <!-- Default test(failed) -->
